<?xml version="1.0" encoding="UTF-8"?>
<testng-results ignored="0" total="1" passed="1" failed="0" skipped="0">
  <reporter-output>
  </reporter-output>
  <suite started-at="2022-08-06T23:42:46 PKT" name="Default suite" finished-at="2022-08-06T23:43:36 PKT" duration-ms="49789">
    <groups>
    </groups>
    <test started-at="2022-08-06T23:42:46 PKT" name="Default test" finished-at="2022-08-06T23:43:36 PKT" duration-ms="49789">
      <class name="TestPipe.Spipe">
        <test-method signature="first()[pri:0, instance:TestPipe.Spipe@bd4dc25]" started-at="2022-08-06T23:42:46 PKT" name="first" finished-at="2022-08-06T23:43:36 PKT" duration-ms="49740" status="PASS">
          <reporter-output>
          </reporter-output>
        </test-method> <!-- first -->
      </class> <!-- TestPipe.Spipe -->
    </test> <!-- Default test -->
  </suite> <!-- Default suite -->
</testng-results>
